<?xml version="1.0" encoding="UTF-8"?>
<!-- Generated by org.testng.reporters.JUnitReportReporter -->
<testsuite hostname="M8FB8TQ2" failures="0" tests="1" name="api_tests.PetStoreAPIs" time="2.206" errors="0" timestamp="2024-01-08T17:16:46 EST" skipped="0">
  <testcase classname="api_tests.PetStoreAPIs" name="createApet_with_JSON_File" time="2.206"/>
  <system-out/>
</testsuite> <!-- api_tests.PetStoreAPIs -->
